<?xml version="1.0" encoding="UTF-8"?>
<testsuite xmlns:xsi="http://www.w3.org/2001/XMLSchema-instance" xsi:noNamespaceSchemaLocation="https://maven.apache.org/surefire/maven-surefire-plugin/xsd/surefire-test-report-3.0.xsd" version="3.0" name="TestRunner" time="153.251" tests="8" errors="0" skipped="0" failures="0">
  <properties>
[...]
</properties>
  <testcase name="runScenario[&quot;Add a review on a product&quot;, &quot;Add review on product&quot;](1)" classname="TestRunner" time="26.799">
    <system-out><![CDATA[
Scenario: Add a review on a product                                              # src/test/resources/features/Add_Review_On_Product.feature:3
  Given I launch the browser                                                     # stepDefinitions.Register_User_Steps.i_launch_the_browser()
  When I navigate to url 'http://automationexercise.com'                         # stepDefinitions.Register_User_Steps.i_navigate_to_url(java.lang.String)
  And I click on the 'Products' button                                           # stepDefinitions.Register_User_Steps.i_click_on_the_button(java.lang.String)
  Then I should be on the ALL PRODUCTS page                                      # stepDefinitions.Add_Review_On_Products_Steps.i_should_be_on_the_all_products_page()
  When I click on view product link for product '1'                              # stepDefinitions.Add_Review_On_Products_Steps.i_click_on_view_product_link_for_product_on_the_page(java.lang.String)
  Then I verify that 'Write Your Review' is visible                              # stepDefinitions.Register_User_Steps.i_verify_that_is_visible(java.lang.String)
  And I enter my name, email, and review                                         # stepDefinitions.Add_Review_On_Products_Steps.i_enter_my_name_email_and_review()
  When I click the 'Submit' button                                               # stepDefinitions.Register_User_Steps.i_click_the_button(java.lang.String)
  Then I verify that the success message 'Thank you for your review.' is visible # stepDefinitions.Contact_Us_Steps.i_verify_that_the_success_message_is_visible(java.lang.String)
]]></system-out>
    <system-err><![CDATA[SLF4J: Failed to load class "org.slf4j.impl.StaticLoggerBinder".
SLF4J: Defaulting to no-operation (NOP) logger implementation
SLF4J: See http://www.slf4j.org/codes.html#StaticLoggerBinder for further details.
]]></system-err>
  </testcase>
  <testcase name="runScenario[&quot;Submitting Contact Us Form&quot;, &quot;Contact Us Form&quot;](2)" classname="TestRunner" time="10.051">
    <system-out><![CDATA[
Scenario: Submitting Contact Us Form                                                                          # src/test/resources/features/Contact_Us.feature:3
  Given I launch the browser                                                                                  # stepDefinitions.Register_User_Steps.i_launch_the_browser()
  When I navigate to url 'http://automationexercise.com'                                                      # stepDefinitions.Register_User_Steps.i_navigate_to_url(java.lang.String)
  Then I verify that the home page is visible successfully                                                    # stepDefinitions.Register_User_Steps.i_verify_that_the_home_page_is_visible_successfully()
  When I click on the 'Contact us' button                                                                     # stepDefinitions.Register_User_Steps.i_click_on_the_button(java.lang.String)
  Then I verify that 'Get In Touch' is visible                                                                # stepDefinitions.Register_User_Steps.i_verify_that_is_visible(java.lang.String)
  When I enter name, email, subject, and message                                                              # stepDefinitions.Contact_Us_Steps.i_enter_name_email_subject_and_message()
  And I upload a file                                                                                         # stepDefinitions.Contact_Us_Steps.i_upload_a_file()
  And I click on 'submit-button'                                                                              # stepDefinitions.Contact_Us_Steps.i_click_on(java.lang.String)
  And I click on OK from the alert                                                                            # stepDefinitions.Contact_Us_Steps.i_click_on_OK_from_the_alert()
  Then I verify that the success message 'Success! Your details have been submitted successfully.' is visible # stepDefinitions.Contact_Us_Steps.i_verify_that_the_success_message_is_visible(java.lang.String)
  When I click on the 'Home' button                                                                           # stepDefinitions.Register_User_Steps.i_click_on_the_button(java.lang.String)
  Then I verify that the home page is visible successfully                                                    # stepDefinitions.Register_User_Steps.i_verify_that_the_home_page_is_visible_successfully()
]]></system-out>
  </testcase>
  <testcase name="runScenario[&quot;Login User with incorrect email and password&quot;, &quot;User Login&quot;](3)" classname="TestRunner" time="10.848">
    <system-out><![CDATA[
Scenario: Login User with incorrect email and password                                   # src/test/resources/features/Login_Fail.feature:3
  Given I launch the browser                                                             # stepDefinitions.Register_User_Steps.i_launch_the_browser()
  When I navigate to url 'http://automationexercise.com'                                 # stepDefinitions.Register_User_Steps.i_navigate_to_url(java.lang.String)
  Then I verify that the home page is visible successfully                               # stepDefinitions.Register_User_Steps.i_verify_that_the_home_page_is_visible_successfully()
  And I click on the 'Signup / Login' button                                             # stepDefinitions.Register_User_Steps.i_click_on_the_button(java.lang.String)
  Then I verify that 'Login to your account' is visible                                  # stepDefinitions.Register_User_Steps.i_verify_that_is_visible(java.lang.String)
  When I enter incorrect email address and password                                      # stepDefinitions.Login_Fail_Steps.i_enter_incorrect_email_address_and_password()
  And I click the 'Login' button                                                         # stepDefinitions.Register_User_Steps.i_click_the_button(java.lang.String)
  Then I verify that the error message 'Your email or password is incorrect!' is visible # stepDefinitions.Login_Fail_Steps.i_verify_that_the_error_message_is_visible(java.lang.String)
]]></system-out>
  </testcase>
  <testcase name="runScenario[&quot;Login User with correct email and password&quot;, &quot;Login User&quot;](4)" classname="TestRunner" time="26.088">
    <system-out><![CDATA[
Scenario: Login User with correct email and password       # src/test/resources/features/Login_Success.feature:3
  Given I launch the browser                               # stepDefinitions.Register_User_Steps.i_launch_the_browser()
  When I navigate to url 'http://automationexercise.com'   # stepDefinitions.Register_User_Steps.i_navigate_to_url(java.lang.String)
  Then I verify that the home page is visible successfully # stepDefinitions.Register_User_Steps.i_verify_that_the_home_page_is_visible_successfully()
  When I click on the 'Signup / Login' button              # stepDefinitions.Register_User_Steps.i_click_on_the_button(java.lang.String)
  Then I verify that 'Login to your account' is visible    # stepDefinitions.Register_User_Steps.i_verify_that_is_visible(java.lang.String)
  When I enter correct email address and password          # stepDefinitions.Login_Success_Steps.i_enter_correct_email_address_and_password()
  And I click the 'Login' button                           # stepDefinitions.Register_User_Steps.i_click_the_button(java.lang.String)
  Then I verify that 'Logged in as' is visible             # stepDefinitions.Register_User_Steps.i_verify_that_is_visible(java.lang.String)
]]></system-out>
  </testcase>
  <testcase name="runScenario[&quot;Successful logout of user&quot;, &quot;Logout User&quot;](5)" classname="TestRunner" time="33.153">
    <system-out><![CDATA[
Scenario: Successful logout of user                          # src/test/resources/features/Logout_User.feature:3
  Given I launch the browser                                 # stepDefinitions.Register_User_Steps.i_launch_the_browser()
  When I navigate to url 'http://automationexercise.com'     # stepDefinitions.Register_User_Steps.i_navigate_to_url(java.lang.String)
  Then I verify that the home page is visible successfully   # stepDefinitions.Register_User_Steps.i_verify_that_the_home_page_is_visible_successfully()
  When I click on the 'Signup / Login' button                # stepDefinitions.Register_User_Steps.i_click_on_the_button(java.lang.String)
  Then I verify that 'Login to your account' is visible      # stepDefinitions.Register_User_Steps.i_verify_that_is_visible(java.lang.String)
  When I enter correct email address and password            # stepDefinitions.Login_Success_Steps.i_enter_correct_email_address_and_password()
  And I click the 'Login' button                             # stepDefinitions.Register_User_Steps.i_click_the_button(java.lang.String)
  Then I verify that 'Logged in as' is visible               # stepDefinitions.Register_User_Steps.i_verify_that_is_visible(java.lang.String)
  When I click on the 'Logout' button                        # stepDefinitions.Register_User_Steps.i_click_on_the_button(java.lang.String)
  Then I verify that the user is navigated to the login page # stepDefinitions.Logout_User_Steps.i_verify_that_the_user_is_navigated_to_the_login_page()
]]></system-out>
  </testcase>
  <testcase name="runScenario[&quot;Register a new user&quot;, &quot;User Registration&quot;](6)" classname="TestRunner" time="25.359">
    <system-out><![CDATA[
Scenario: Register a new user                                                                                                           # src/test/resources/features/Register_User.feature:3
  Given I launch the browser                                                                                                            # stepDefinitions.Register_User_Steps.i_launch_the_browser()
  When I navigate to url 'http://automationexercise.com'                                                                                # stepDefinitions.Register_User_Steps.i_navigate_to_url(java.lang.String)
  Then I verify that the home page is visible successfully                                                                              # stepDefinitions.Register_User_Steps.i_verify_that_the_home_page_is_visible_successfully()
  And I click on the 'Signup / Login' button                                                                                            # stepDefinitions.Register_User_Steps.i_click_on_the_button(java.lang.String)
  And I verify that 'New User Signup!' is visible                                                                                       # stepDefinitions.Register_User_Steps.i_verify_that_is_visible(java.lang.String)
  And I enter the name and email address                                                                                                # stepDefinitions.Register_User_Steps.i_enter_the_name_and_email_address()
  And I click the 'Signup' button                                                                                                       # stepDefinitions.Register_User_Steps.i_click_the_button(java.lang.String)
  And I verify that 'Enter Account Information' is visible                                                                              # stepDefinitions.Register_User_Steps.i_verify_that_is_visible(java.lang.String)
  And I fill in the details: Title, Password, Date of birth                                                                             # stepDefinitions.Register_User_Steps.i_fill_in_the_details_title_password_date_of_birth()
  And I select the checkbox 'Sign up for our newsletter!'                                                                               # stepDefinitions.Register_User_Steps.i_select_the_checkbox(java.lang.String)
  And I select the checkbox 'Receive special offers from our partners!'                                                                 # stepDefinitions.Register_User_Steps.i_select_the_checkbox(java.lang.String)
  And I fill in the additional details: First name, Last name, Company, Address, Address2, Country, State, City, Zipcode, Mobile Number # stepDefinitions.Register_User_Steps.i_fill_in_the_additional_details_first_name_last_name_company_address_address2_country_state_city_zipcode_mobile_number()
  And I click the 'Create Account' button                                                                                               # stepDefinitions.Register_User_Steps.i_click_the_button(java.lang.String)
  Then I verify that 'Account Created!' is visible                                                                                      # stepDefinitions.Register_User_Steps.i_verify_that_is_visible(java.lang.String)
  And I click on the 'Continue' button                                                                                                  # stepDefinitions.Register_User_Steps.i_click_on_the_button(java.lang.String)
  And I verify that 'Logged in as' is visible                                                                                           # stepDefinitions.Register_User_Steps.i_verify_that_is_visible(java.lang.String)
  And I click on the 'Delete Account' button                                                                                            # stepDefinitions.Register_User_Steps.i_click_on_the_button(java.lang.String)
  Then I verify that 'Account Deleted!' is visible                                                                                      # stepDefinitions.Register_User_Steps.i_verify_that_is_visible(java.lang.String)
  And I click on the 'Continue' button                                                                                                  # stepDefinitions.Register_User_Steps.i_click_on_the_button(java.lang.String)
]]></system-out>
  </testcase>
  <testcase name="runScenario[&quot;Registering a user with an existing email address&quot;, &quot;Register User with existing email&quot;](7)" classname="TestRunner" time="11.191">
    <system-out><![CDATA[
Scenario: Registering a user with an existing email address                      # src/test/resources/features/Register_User_With_Existing_Email.feature:3
  Given I launch the browser                                                     # stepDefinitions.Register_User_Steps.i_launch_the_browser()
  When I navigate to url 'http://automationexercise.com'                         # stepDefinitions.Register_User_Steps.i_navigate_to_url(java.lang.String)
  Then I verify that the home page is visible successfully                       # stepDefinitions.Register_User_Steps.i_verify_that_the_home_page_is_visible_successfully()
  When I click on the 'Signup / Login' button                                    # stepDefinitions.Register_User_Steps.i_click_on_the_button(java.lang.String)
  Then I verify that 'New User Signup!' is visible                               # stepDefinitions.Register_User_Steps.i_verify_that_is_visible(java.lang.String)
  When I enter a name and an already registered email address                    # stepDefinitions.Register_User_With_Existing_Email_Steps.i_enter_a_name_and_an_already_registered_email_address()
  And I click the 'Signup' button                                                # stepDefinitions.Register_User_Steps.i_click_the_button(java.lang.String)
  Then I verify that the error message 'Email Address already exist!' is visible # stepDefinitions.Login_Fail_Steps.i_verify_that_the_error_message_is_visible(java.lang.String)
]]></system-out>
  </testcase>
  <testcase name="runScenario[&quot;Navigate to Test Cases Page&quot;, &quot;Verify Test Cases Page&quot;](8)" classname="TestRunner" time="8.576">
    <system-out><![CDATA[
Scenario: Navigate to Test Cases Page                                          # src/test/resources/features/Test_Cases.feature:3
  Given I launch the browser                                                   # stepDefinitions.Register_User_Steps.i_launch_the_browser()
  When I navigate to url 'http://automationexercise.com'                       # stepDefinitions.Register_User_Steps.i_navigate_to_url(java.lang.String)
  Then I verify that the home page is visible successfully                     # stepDefinitions.Register_User_Steps.i_verify_that_the_home_page_is_visible_successfully()
  When I click on the 'Test Cases' button                                      # stepDefinitions.Register_User_Steps.i_click_on_the_button(java.lang.String)
  Then I verify that the user is navigated to the test cases page successfully # stepDefinitions.Test_Cases_Steps.i_verify_that_the_user_is_navigated_to_the_test_cases_page_successfully()
]]></system-out>
  </testcase>
</testsuite>